  main.cpp
  Rectangle.cpp
C:\Users\유완규\git\BAEKJOON\백준 C\C++ 자구\Rectangle.cpp(1,1): warning C4819: 현재 코드 페이지(949)에서 표시할 수 없는 문자가 파일에 들어 있습니다. 데이터가 손실되지 않게 하려면 해당 파일을 유니코드 형식으로 저장하십시오.
C:\Users\유완규\git\BAEKJOON\백준 C\C++ 자구\Rectangle.cpp(51,9): error C2131: 식이 상수로 계산되지 않았습니다.
C:\Users\유완규\git\BAEKJOON\백준 C\C++ 자구\Rectangle.cpp(51,9): message : 수명을 벗어난 변수 읽기로 인해 오류가 발생했습니다.
C:\Users\유완규\git\BAEKJOON\백준 C\C++ 자구\Rectangle.cpp(51,9): message : 'w' 사용량 참조
C:\Users\유완규\git\BAEKJOON\백준 C\C++ 자구\Rectangle.cpp(51,16): error C2131: 식이 상수로 계산되지 않았습니다.
C:\Users\유완규\git\BAEKJOON\백준 C\C++ 자구\Rectangle.cpp(51,16): message : 수명을 벗어난 변수 읽기로 인해 오류가 발생했습니다.
C:\Users\유완규\git\BAEKJOON\백준 C\C++ 자구\Rectangle.cpp(51,16): message : 'h' 사용량 참조
C:\Users\유완규\git\BAEKJOON\백준 C\C++ 자구\Rectangle.cpp(53,10): error C2131: 식이 상수로 계산되지 않았습니다.
C:\Users\유완규\git\BAEKJOON\백준 C\C++ 자구\Rectangle.cpp(53,10): message : 수명을 벗어난 변수 읽기로 인해 오류가 발생했습니다.
C:\Users\유완규\git\BAEKJOON\백준 C\C++ 자구\Rectangle.cpp(53,10): message : 'rw' 사용량 참조
C:\Users\유완규\git\BAEKJOON\백준 C\C++ 자구\Rectangle.cpp(53,19): error C2131: 식이 상수로 계산되지 않았습니다.
C:\Users\유완규\git\BAEKJOON\백준 C\C++ 자구\Rectangle.cpp(53,19): message : 수명을 벗어난 변수 읽기로 인해 오류가 발생했습니다.
C:\Users\유완규\git\BAEKJOON\백준 C\C++ 자구\Rectangle.cpp(53,19): message : 'rh' 사용량 참조
C:\Users\유완규\git\BAEKJOON\백준 C\C++ 자구\Rectangle.cpp(61,13): error C3863: 배열 형식 'int [w]'은(는) 할당할 수 없습니다.
C:\Users\유완규\git\BAEKJOON\백준 C\C++ 자구\Rectangle.cpp(67,15): error C3863: 배열 형식 'int [rw]'은(는) 할당할 수 없습니다.
C:\Users\유완규\git\BAEKJOON\백준 C\C++ 자구\Rectangle.cpp(99,13): error C3863: 배열 형식 'int [h]'은(는) 할당할 수 없습니다.
C:\Users\유완규\git\BAEKJOON\백준 C\C++ 자구\Rectangle.cpp(105,15): error C3863: 배열 형식 'int [rh]'은(는) 할당할 수 없습니다.
  코드를 생성하고 있습니다...
